[CUSTOM] copy mediatek/custom/ztenj72_we_72_kk/lk/cust_leds.c
[CUSTOM] copy out/target/product/ztenj72_we_72_kk/obj/DRVGEN/cust_adc.h
           to out/target/product/ztenj72_we_72_kk/obj/CUSTGEN/custom/kernel/dct/cust_adc.h
           to out/target/product/ztenj72_we_72_kk/obj/CUSTGEN/custom/lk/cust_leds.c
[CUSTOM] copy out/target/product/ztenj72_we_72_kk/obj/DRVGEN/cust_eint_md1.h
[CUSTOM] copy out/target/product/ztenj72_we_72_kk/obj/DRVGEN/cust_gpio_boot.h
           to out/target/product/ztenj72_we_72_kk/obj/CUSTGEN/custom/kernel/dct/cust_eint_md1.h
           to out/target/product/ztenj72_we_72_kk/obj/CUSTGEN/custom/kernel/dct/cust_gpio_boot.h
[CUSTOM] copy out/target/product/ztenj72_we_72_kk/obj/DRVGEN/custom/drv/Drv_Tool/DCT.log
[CUSTOM] copy out/target/product/ztenj72_we_72_kk/obj/DRVGEN/cust_eint.h
           to out/target/product/ztenj72_we_72_kk/obj/CUSTGEN/custom/kernel/dct/cust_eint.h
           to out/target/product/ztenj72_we_72_kk/obj/CUSTGEN/custom/kernel/dct/custom/drv/Drv_Tool/DCT.log
[CUSTOM] copy out/target/product/ztenj72_we_72_kk/obj/DRVGEN/cust_power.h
[CUSTOM] copy out/target/product/ztenj72_we_72_kk/obj/DRVGEN/cust_kpd.h
           to out/target/product/ztenj72_we_72_kk/obj/CUSTGEN/custom/kernel/dct/cust_power.h
[CUSTOM] copy out/target/product/ztenj72_we_72_kk/obj/DRVGEN/cust_gpio_usage.h
[CUSTOM] copy out/target/product/ztenj72_we_72_kk/obj/DRVGEN/pmic_drv.c
           to out/target/product/ztenj72_we_72_kk/obj/CUSTGEN/custom/kernel/dct/cust_kpd.h
           to out/target/product/ztenj72_we_72_kk/obj/CUSTGEN/custom/kernel/dct/cust_gpio_usage.h
           to out/target/product/ztenj72_we_72_kk/obj/CUSTGEN/custom/kernel/dct/pmic_drv.c
[CUSTOM] copy out/target/product/ztenj72_we_72_kk/obj/DRVGEN/pmic_drv.h
[CUSTOM] copy out/target/product/ztenj72_we_72_kk/obj/PTGEN/lk/partition.c
           to out/target/product/ztenj72_we_72_kk/obj/CUSTGEN/custom/kernel/dct/pmic_drv.h
           to out/target/product/ztenj72_we_72_kk/obj/CUSTGEN/custom/lk/partition.c
done
