[Dependency] /home/user/android_kernel_highscreen_ZeraF/mediatek/build/tools/emigen/MT6572/emigen.pl
[Dependency] /home/user/android_kernel_highscreen_ZeraF/mediatek/build/tools/Spreadsheet/ParseExcel/Worksheet.pm
[Dependency] /usr/share/perl5/core_perl/strict.pm
[Dependency] /home/user/android_kernel_highscreen_ZeraF/mediatek/build/tools/Spreadsheet/ParseExcel/Format.pm
[Dependency] /usr/lib/perl5/5.26/core_perl/Cwd.pm
[Dependency] /usr/share/perl5/core_perl/warnings/register.pm
[Dependency] /usr/lib/perl5/5.26/core_perl/Scalar/Util.pm
[Dependency] /usr/lib/perl5/5.26/core_perl/Config.pm
[Dependency] /usr/lib/perl5/5.26/core_perl/IO.pm
[Dependency] /usr/share/perl5/core_perl/XSLoader.pm
[Dependency] /usr/lib/perl5/5.26/core_perl/List/Util.pm
[Dependency] /home/user/android_kernel_highscreen_ZeraF/mediatek/build/tools/Spreadsheet/ParseExcel/Cell.pm
[Dependency] /home/user/android_kernel_highscreen_ZeraF/mediatek/build/tools/Spreadsheet/ParseExcel/Utility.pm
[Dependency] /usr/share/perl5/core_perl/warnings.pm
[Dependency] /home/user/android_kernel_highscreen_ZeraF/mediatek/build/tools/Spreadsheet/OLE/Storage_Lite.pm
[Dependency] /usr/share/perl5/core_perl/Exporter.pm
[Dependency] /usr/lib/perl5/5.26/core_perl/IO/Handle.pm
[Dependency] /home/user/android_kernel_highscreen_ZeraF/mediatek/build/tools/Spreadsheet/ParseExcel/Font.pm
[Dependency] /usr/share/perl5/core_perl/Symbol.pm
[Dependency] /usr/lib/perl5/5.26/core_perl/POSIX.pm
[Dependency] /home/user/android_kernel_highscreen_ZeraF/mediatek/build/tools/Spreadsheet/ParseExcel/FmtDefault.pm
[Dependency] /usr/lib/perl5/5.26/core_perl/IO/Seekable.pm
[Dependency] /home/user/android_kernel_highscreen_ZeraF/mediatek/build/tools/Spreadsheet/ParseExcel/Workbook.pm
[Dependency] /usr/share/perl5/core_perl/constant.pm
[Dependency] /usr/share/perl5/core_perl/vars.pm
[Dependency] /usr/lib/perl5/5.26/core_perl/lib.pm
[Dependency] /usr/share/perl5/core_perl/Time/Local.pm
[Dependency] /usr/lib/perl5/5.26/core_perl/IO/File.pm
[Dependency] /usr/share/perl5/core_perl/Tie/Hash.pm
[Dependency] /home/user/android_kernel_highscreen_ZeraF/mediatek/build/tools/Spreadsheet/ParseExcel.pm
[Dependency] /usr/lib/perl5/5.26/core_perl/Fcntl.pm
[Dependency] /usr/share/perl5/core_perl/parent.pm
[Dependency] /usr/share/perl5/core_perl/SelectSaver.pm
[Dependency] /usr/share/perl5/core_perl/Carp.pm
[Dependency] /home/user/android_kernel_highscreen_ZeraF/mediatek/build/tools/pack_dep_gen.pm
[Dependency] /home/user/android_kernel_highscreen_ZeraF/mediatek/custom/ztenj72_we_72_kk/preloader/inc/custom_MemoryDevice.h
[Dependency] /home/user/android_kernel_highscreen_ZeraF/mediatek/build/tools/emigen/MT6572/MemoryDeviceList_MT6572.xls
[Dependency] /home/user/android_kernel_highscreen_ZeraF/mediatek/build/tools/emigen/MT6572/MemoryDeviceList_MT6572.xls
[Dependency] /home/user/android_kernel_highscreen_ZeraF/mediatek/build/tools/emigen/MT6572/MemoryDeviceList_MT6572.xls
[Dependency] /home/user/android_kernel_highscreen_ZeraF/mediatek/build/tools/emigen/MT6572/MemoryDeviceList_MT6572.xls
Os = linux
mediatek/custom/ztenj72_we_72_kk/preloader/inc/custom_MemoryDevice.h
mediatek/build/tools/emigen/MT6572/MemoryDeviceList_MT6572.xls
MT6572
out/target/product/ztenj72_we_72_kk/obj/EMIGEN/inc/custom_emi.h
out/target/product/ztenj72_we_72_kk/obj/PRELOADER_OBJ/custom_emi.c
out/target/product/ztenj72_we_72_kk/obj/EMIGEN/MTK_Loader_Info.tag


custom_EMI.c are existed!!!


EMI_CLK[1-1]= flash length: 9, {0xfe,0x01,0x4e,0x50,0x30,0x58,0x58,0x58,0x58}
emi setting , 
dram vendor ID:0xFF
EMI_CLK[2-1]= flash length: 9, { 0x90,0x01,0x4a,0x48,0x34,0x47,0x31,0x64,0x04}
emi setting , 
dram vendor ID:0x06
EMI_CLK[3-1]= flash length: 9, { 0x45,0x01,0x00,0x53,0x45,0x4D,0x30,0x34,0x47}
emi setting , 
dram vendor ID:0X06
EMI_CLK[4-1]= flash length: 9, { 0x70,0x01,0x00,0x4D,0x4D,0x43,0x30,0x34,0x47}
emi setting , 
dram vendor ID:0x03

out/target/product/ztenj72_we_72_kk/obj/PRELOADER_OBJ/custom_emi.c is generated

out/target/product/ztenj72_we_72_kk/obj/EMIGEN/inc/custom_emi.h is generated
PROJECT = ztenj72_we_72_kk, pre_bin = preloader_ztenj72_we_72_kk.bin
write tag : ztenj72_we_72_kk, 0, , 0x0
EMI_CLK[1-1]= DRAM vendor ID:0xFFmem size:4096
write tag : ztenj72_we_72_kk, 0, , 0x0
EMI_CLK[2-1]= DRAM vendor ID:0x06mem size:4096
write tag : ztenj72_we_72_kk, 0, , 0x0
EMI_CLK[3-1]= DRAM vendor ID:0X06mem size:4096
write tag : ztenj72_we_72_kk, 0, , 0x0
EMI_CLK[4-1]= DRAM vendor ID:0x03mem size:4096
out/target/product/ztenj72_we_72_kk/obj/EMIGEN/MTK_Loader_Info.tag is generated!
