Reading target configuration succeeded.
Reading PC configuration succeeded.
Start Parsing: 17:24:20
Phase 1: 17:24:20
Phase 2: 17:24:20
Reading data succeeded.
Start Parsing: 17:24:20
Phase 1: 17:24:20
Phase 2: 17:24:20
Reading PC data succeeded.
Start to parse the NVRAM DATA!
Generating "out/target/product/ztenj72_we_72_kk/obj/CODEGEN/cgen/.temp_APDB_MT6572_S01_KK1.MP6_".
Check out/target/product/ztenj72_we_72_kk/obj/CODEGEN/cgen/.temp_APDB_MT6572_S01_KK1.MP6_
Check DB result: 0
Write DB result: 0
Create file "out/target/product/ztenj72_we_72_kk/obj/CODEGEN/cgen/.temp_APDB_MT6572_S01_KK1.MP6_" successfully. 
Creating file "out/target/product/ztenj72_we_72_kk/obj/CODEGEN/cgen/APDB_MT6572_S01_KK1.MP6__ENUM".
Create file "out/target/product/ztenj72_we_72_kk/obj/CODEGEN/cgen/APDB_MT6572_S01_KK1.MP6__ENUM" successfully. 
Check DB result: 0
Examine DB result: 0
Start Parsing: 17:24:20
Phase 1: 17:24:20
Phase 2: 17:24:20
Start Parsing: 17:24:20
Phase 1: 17:24:20
Phase 2: 17:24:20
Reading custom_data succeeded.
Start to parse the custom NVRAM DATA!
NVRAM ID:AP_CFG_CUSTOM_FILE_DFO_LID in original Database is replaced!
NVRAM ID:AP_CFG_CUSTOM_FILE_GPS_LID in original Database is replaced!
NVRAM ID:AP_CFG_RDCL_BWCS_LID in original Database is replaced!
NVRAM ID:AP_CFG_RDCL_CAMERA_3A_LID in original Database is replaced!
NVRAM ID:AP_CFG_RDCL_CAMERA_DEFECT_LID in original Database is replaced!
NVRAM ID:AP_CFG_RDCL_CAMERA_LENS_LID in original Database is replaced!
NVRAM ID:AP_CFG_RDCL_CAMERA_PARA_LID in original Database is replaced!
NVRAM ID:AP_CFG_RDCL_CAMERA_SENSOR_LID in original Database is replaced!
NVRAM ID:AP_CFG_RDCL_CAMERA_SHADING_LID in original Database is replaced!
NVRAM ID:AP_CFG_RDCL_FACTORY_LID in original Database is replaced!
NVRAM ID:AP_CFG_RDCL_FILE_AUDIO_AUDENH_CONTROL_OPTION_PAR_LID in original Database is replaced!
NVRAM ID:AP_CFG_RDCL_FILE_AUDIO_BUFFER_DC_CALIBRATION_PAR_LID in original Database is replaced!
NVRAM ID:AP_CFG_RDCL_FILE_AUDIO_COMPFLT_LID in original Database is replaced!
NVRAM ID:AP_CFG_RDCL_FILE_AUDIO_EFFECT_LID in original Database is replaced!
NVRAM ID:AP_CFG_RDCL_FILE_AUDIO_GAIN_TABLE_LID in original Database is replaced!
NVRAM ID:AP_CFG_RDCL_FILE_AUDIO_HD_REC_48K_PAR_LID in original Database is replaced!
NVRAM ID:AP_CFG_RDCL_FILE_AUDIO_HD_REC_PAR_LID in original Database is replaced!
NVRAM ID:AP_CFG_RDCL_FILE_AUDIO_HD_REC_SCENE_LID in original Database is replaced!
NVRAM ID:AP_CFG_RDCL_FILE_AUDIO_LID in original Database is replaced!
NVRAM ID:AP_CFG_RDCL_FILE_AUDIO_PARAM_MED_LID in original Database is replaced!
NVRAM ID:AP_CFG_RDCL_FILE_AUDIO_VER1_VOLUME_CUSTOM_LID in original Database is replaced!
NVRAM ID:AP_CFG_RDCL_FILE_AUDIO_VOIP_PAR_LID in original Database is replaced!
NVRAM ID:AP_CFG_RDCL_FILE_AUDIO_VOLUME_CUSTOM_LID in original Database is replaced!
NVRAM ID:AP_CFG_RDCL_FILE_AUDIO_WB_PARAM_LID in original Database is replaced!
NVRAM ID:AP_CFG_RDCL_FILE_AUXADC_LID in original Database is replaced!
NVRAM ID:AP_CFG_RDCL_FILE_DUAL_MIC_CUSTOM_LID in original Database is replaced!
NVRAM ID:AP_CFG_RDCL_FILE_HEADPHONE_COMPFLT_LID in original Database is replaced!
NVRAM ID:AP_CFG_RDCL_FILE_VIBSPK_COMPFLT_LID in original Database is replaced!
NVRAM ID:AP_CFG_RDCL_FILE_VOICE_RECOGNIZE_PARAM_LID in original Database is replaced!
NVRAM ID:AP_CFG_RDCL_HWMON_ACC_LID in original Database is replaced!
NVRAM ID:AP_CFG_RDEB_FILE_BT_ADDR_LID in original Database is replaced!
NVRAM ID:AP_CFG_RDEB_FILE_WIFI_LID in original Database is replaced!
NVRAM ID:AP_CFG_RDEB_WIFI_CUSTOM_LID in original Database is replaced!
NVRAM ID:AP_CFG_REEB_PRODUCT_INFO_LID in original Database is replaced!
Generating "out/target/product/ztenj72_we_72_kk/obj/CODEGEN/cgen/APDB_MT6572_S01_KK1.MP6_".
Check out/target/product/ztenj72_we_72_kk/obj/CODEGEN/cgen/APDB_MT6572_S01_KK1.MP6_
Check DB result: 0
Write DB result: 0
Create file "out/target/product/ztenj72_we_72_kk/obj/CODEGEN/cgen/APDB_MT6572_S01_KK1.MP6_" successfully. 
Creating file "out/target/product/ztenj72_we_72_kk/obj/CODEGEN/cgen/APDB_MT6572_S01_KK1.MP6__ENUM".
Create file "out/target/product/ztenj72_we_72_kk/obj/CODEGEN/cgen/APDB_MT6572_S01_KK1.MP6__ENUM" successfully. 
